[02-Feb-2024 13:52:31 UTC] PHP Warning:  Undefined array key "id" in C:\Users\verci\Local Sites\planty\app\public\wp-content\plugins\elementor\includes\managers\image.php on line 41
[02-Feb-2024 13:52:31 UTC] PHP Warning:  Undefined array key "id" in C:\Users\verci\Local Sites\planty\app\public\wp-content\plugins\elementor\includes\managers\image.php on line 41
[02-Feb-2024 13:52:31 UTC] PHP Warning:  Trying to access array offset on value of type bool in C:\Users\verci\Local Sites\planty\app\public\wp-content\plugins\elementor\includes\managers\image.php on line 113
[02-Feb-2024 13:52:31 UTC] PHP Warning:  Trying to access array offset on value of type bool in C:\Users\verci\Local Sites\planty\app\public\wp-content\plugins\elementor\includes\managers\image.php on line 113
[02-Feb-2024 13:52:31 UTC] PHP Warning:  Trying to access array offset on value of type bool in C:\Users\verci\Local Sites\planty\app\public\wp-content\plugins\elementor\includes\managers\image.php on line 113
[02-Feb-2024 13:52:31 UTC] PHP Warning:  Trying to access array offset on value of type bool in C:\Users\verci\Local Sites\planty\app\public\wp-content\plugins\elementor\includes\managers\image.php on line 113
[02-Feb-2024 13:52:31 UTC] PHP Warning:  Trying to access array offset on value of type bool in C:\Users\verci\Local Sites\planty\app\public\wp-content\plugins\elementor\includes\managers\image.php on line 113
[02-Feb-2024 13:52:31 UTC] PHP Warning:  Trying to access array offset on value of type bool in C:\Users\verci\Local Sites\planty\app\public\wp-content\plugins\elementor\includes\managers\image.php on line 113
[02-Feb-2024 13:52:31 UTC] PHP Warning:  Trying to access array offset on value of type bool in C:\Users\verci\Local Sites\planty\app\public\wp-content\plugins\elementor\includes\managers\image.php on line 113
[02-Feb-2024 13:52:31 UTC] PHP Warning:  Trying to access array offset on value of type bool in C:\Users\verci\Local Sites\planty\app\public\wp-content\plugins\elementor\includes\managers\image.php on line 113
[02-Feb-2024 13:52:31 UTC] PHP Warning:  Trying to access array offset on value of type bool in C:\Users\verci\Local Sites\planty\app\public\wp-content\plugins\elementor\includes\managers\image.php on line 113
[02-Feb-2024 13:52:31 UTC] PHP Warning:  Trying to access array offset on value of type bool in C:\Users\verci\Local Sites\planty\app\public\wp-content\plugins\elementor\includes\managers\image.php on line 113
[02-Feb-2024 13:52:31 UTC] PHP Warning:  Trying to access array offset on value of type bool in C:\Users\verci\Local Sites\planty\app\public\wp-content\plugins\elementor\includes\managers\image.php on line 113
[02-Feb-2024 13:52:31 UTC] PHP Warning:  Undefined array key "id" in C:\Users\verci\Local Sites\planty\app\public\wp-content\plugins\elementor\includes\managers\image.php on line 41
[02-Feb-2024 13:52:31 UTC] PHP Warning:  Undefined array key "id" in C:\Users\verci\Local Sites\planty\app\public\wp-content\plugins\elementor\includes\managers\image.php on line 41
[02-Feb-2024 13:52:31 UTC] PHP Warning:  Trying to access array offset on value of type bool in C:\Users\verci\Local Sites\planty\app\public\wp-content\plugins\elementor\includes\managers\image.php on line 113
[02-Feb-2024 13:52:31 UTC] PHP Warning:  Trying to access array offset on value of type bool in C:\Users\verci\Local Sites\planty\app\public\wp-content\plugins\elementor\includes\managers\image.php on line 113
[02-Feb-2024 13:52:31 UTC] PHP Warning:  Trying to access array offset on value of type bool in C:\Users\verci\Local Sites\planty\app\public\wp-content\plugins\elementor\includes\managers\image.php on line 113
[02-Feb-2024 13:52:31 UTC] PHP Warning:  Trying to access array offset on value of type bool in C:\Users\verci\Local Sites\planty\app\public\wp-content\plugins\elementor\includes\managers\image.php on line 113
[02-Feb-2024 13:52:31 UTC] PHP Warning:  Trying to access array offset on value of type bool in C:\Users\verci\Local Sites\planty\app\public\wp-content\plugins\elementor\includes\managers\image.php on line 113
[02-Feb-2024 13:52:31 UTC] PHP Warning:  Trying to access array offset on value of type bool in C:\Users\verci\Local Sites\planty\app\public\wp-content\plugins\elementor\includes\managers\image.php on line 113
[02-Feb-2024 13:52:31 UTC] PHP Warning:  Trying to access array offset on value of type bool in C:\Users\verci\Local Sites\planty\app\public\wp-content\plugins\elementor\includes\managers\image.php on line 113
[02-Feb-2024 13:52:31 UTC] PHP Warning:  Trying to access array offset on value of type bool in C:\Users\verci\Local Sites\planty\app\public\wp-content\plugins\elementor\includes\managers\image.php on line 113
[02-Feb-2024 13:52:31 UTC] PHP Warning:  Trying to access array offset on value of type bool in C:\Users\verci\Local Sites\planty\app\public\wp-content\plugins\elementor\includes\managers\image.php on line 113
[02-Feb-2024 13:52:31 UTC] PHP Warning:  Trying to access array offset on value of type bool in C:\Users\verci\Local Sites\planty\app\public\wp-content\plugins\elementor\includes\managers\image.php on line 113
[02-Feb-2024 13:52:31 UTC] PHP Warning:  Trying to access array offset on value of type bool in C:\Users\verci\Local Sites\planty\app\public\wp-content\plugins\elementor\includes\managers\image.php on line 113
[12-Feb-2024 14:08:10 UTC] Erreur d’événement de replanification de tâche pour le crochet action_scheduler_run_queue. Code d’erreur : invalid_schedule. Message d’erreur : L’évènement planifié n’existe pas.. Données : {"schedule":"every_minute","args":["WP Cron"],"interval":60}
[14-Feb-2024 09:57:17 UTC] Erreur d’événement de replanification de tâche pour le crochet action_scheduler_run_queue. Code d’erreur : invalid_schedule. Message d’erreur : L’évènement planifié n’existe pas.. Données : {"schedule":"every_minute","args":["WP Cron"],"interval":60}
[20-Feb-2024 10:30:44 UTC] Erreur d’événement de replanification de tâche pour le crochet nf_marketing_feed_cron. Code d’erreur : invalid_schedule. Message d’erreur : L’évènement planifié n’existe pas.. Données : {"schedule":"nf-weekly","args":[],"interval":604800}
[20-Feb-2024 10:30:44 UTC] Erreur d’événement de replanification de tâche pour le crochet nf_weekly_promotion_update. Code d’erreur : invalid_schedule. Message d’erreur : L’évènement planifié n’existe pas.. Données : {"schedule":"nf-weekly","args":[],"interval":604800}
[20-Feb-2024 11:39:09 UTC] La fonction add_admin_link est appelée.
[20-Feb-2024 11:39:09 UTC] La fonction add_admin_link est appelée.
[20-Feb-2024 11:39:20 UTC] La fonction add_admin_link est appelée.
[20-Feb-2024 11:39:20 UTC] La fonction add_admin_link est appelée.
[20-Feb-2024 11:39:21 UTC] La fonction add_admin_link est appelée.
[20-Feb-2024 11:39:21 UTC] La fonction add_admin_link est appelée.
[20-Feb-2024 11:39:23 UTC] La fonction add_admin_link est appelée.
[20-Feb-2024 11:39:23 UTC] La fonction add_admin_link est appelée.
[20-Feb-2024 11:40:53 UTC] La fonction add_admin_link est appelée.
[20-Feb-2024 11:40:53 UTC] La fonction add_admin_link est appelée.
[20-Feb-2024 11:40:55 UTC] La fonction add_admin_link est appelée.
[20-Feb-2024 11:40:55 UTC] La fonction add_admin_link est appelée.
[20-Feb-2024 11:40:59 UTC] La fonction add_admin_link est appelée.
[20-Feb-2024 11:40:59 UTC] La fonction add_admin_link est appelée.
